# JRE version: OpenJDK Runtime Environment Corretto-11.0.17.8.1 (11.0.17+8) (build 11.0.17+8-LTS)
# Java VM: OpenJDK 64-Bit Server VM Corretto-11.0.17.8.1 (11.0.17+8-LTS, mixed mode, tiered, compressed oops, g1 gc, windows-amd64)
Heap:
 garbage-first heap   total 565248K, used 204873K [0x0000000703600000, 0x0000000800000000)
  region size 1024K, 2 young (2048K), 2 survivors (2048K)
 Metaspace       used 6259K, capacity 6487K, committed 6656K, reserved 1056768K
  class space    used 601K, capacity 688K, committed 768K, reserved 1048576K
GC Heap History (8 events):
Event: 0.654 GC heap before
{Heap before GC invocations=0 (full 0):
 garbage-first heap   total 260096K, used 116736K [0x0000000703600000, 0x0000000800000000)
  region size 1024K, 6 young (6144K), 0 survivors (0K)
 Metaspace       used 6257K, capacity 6487K, committed 6656K, reserved 1056768K
  class space    used 601K, capacity 688K, committed 768K, reserved 1048576K
}
Event: 0.893 GC heap after
{Heap after GC invocations=1 (full 0):
 garbage-first heap   total 260096K, used 113679K [0x0000000703600000, 0x0000000800000000)
  region size 1024K, 2 young (2048K), 2 survivors (2048K)
 Metaspace       used 6257K, capacity 6487K, committed 6656K, reserved 1056768K
  class space    used 601K, capacity 688K, committed 768K, reserved 1048576K
}
Event: 1.186 GC heap before
{Heap before GC invocations=2 (full 0):
 garbage-first heap   total 260096K, used 92175K [0x0000000703600000, 0x0000000800000000)
  region size 1024K, 2 young (2048K), 2 survivors (2048K)
 Metaspace       used 6259K, capacity 6487K, committed 6656K, reserved 1056768K
  class space    used 601K, capacity 688K, committed 768K, reserved 1048576K
}
Event: 1.431 GC heap after
{Heap after GC invocations=3 (full 0):
 garbage-first heap   total 260096K, used 92261K [0x0000000703600000, 0x0000000800000000)
  region size 1024K, 2 young (2048K), 2 survivors (2048K)
 Metaspace       used 6259K, capacity 6487K, committed 6656K, reserved 1056768K
  class space    used 601K, capacity 688K, committed 768K, reserved 1048576K
}
Event: 1.870 GC heap before
{Heap before GC invocations=4 (full 0):
 garbage-first heap   total 260096K, used 137317K [0x0000000703600000, 0x0000000800000000)
  region size 1024K, 2 young (2048K), 2 survivors (2048K)
 Metaspace       used 6259K, capacity 6487K, committed 6656K, reserved 1056768K
  class space    used 601K, capacity 688K, committed 768K, reserved 1048576K
}
Event: 2.292 GC heap after
{Heap after GC invocations=5 (full 0):
 garbage-first heap   total 260096K, used 137280K [0x0000000703600000, 0x0000000800000000)
  region size 1024K, 2 young (2048K), 2 survivors (2048K)
 Metaspace       used 6259K, capacity 6487K, committed 6656K, reserved 1056768K
  class space    used 601K, capacity 688K, committed 768K, reserved 1048576K
}
Event: 2.979 GC heap before
{Heap before GC invocations=6 (full 0):
 garbage-first heap   total 381952K, used 204864K [0x0000000703600000, 0x0000000800000000)
  region size 1024K, 2 young (2048K), 2 survivors (2048K)
 Metaspace       used 6259K, capacity 6487K, committed 6656K, reserved 1056768K
  class space    used 601K, capacity 688K, committed 768K, reserved 1048576K
}
Event: 3.496 GC heap after
{Heap after GC invocations=7 (full 0):
 garbage-first heap   total 381952K, used 204873K [0x0000000703600000, 0x0000000800000000)
  region size 1024K, 2 young (2048K), 2 survivors (2048K)
 Metaspace       used 6259K, capacity 6487K, committed 6656K, reserved 1056768K
  class space    used 601K, capacity 688K, committed 768K, reserved 1048576K
}

